[2015-06-15 13:07:38] __rvm_make
__rvm_make () 
{ 
    \make "$@" || return $?
}
current path: /Users/ishan/.rvm/src/ruby-2.2.2
PATH=/usr/local/opt/pkg-config/bin:/usr/local/opt/libtool/bin:/usr/local/opt/automake/bin:/usr/local/opt/autoconf/bin:/usr/local/bin:/usr/bin:/bin:/usr/sbin:/sbin:/opt/X11/bin:/Users/ishan/.rvm/bin
command(3): __rvm_make -j 1
++ make -j 1
	CC = gcc
	LD = ld
	LDSHARED = gcc -dynamiclib
	CFLAGS = -O3 -fno-fast-math -ggdb3 -Wall -Wextra -Wno-unused-parameter -Wno-parentheses -Wno-long-long -Wno-missing-field-initializers -Wunused-variable -Wpointer-arith -Wwrite-strings -Wdeclaration-after-statement -Wshorten-64-to-32 -Wimplicit-function-declaration -Wdivision-by-zero -Wdeprecated-declarations -Wextra-tokens   -fno-common -pipe 
	XCFLAGS = -D_FORTIFY_SOURCE=2 -fstack-protector -fno-strict-overflow -fvisibility=hidden -DRUBY_EXPORT
	CPPFLAGS = -I/usr/local/opt/libyaml/include -I/usr/local/opt/readline/include -I/usr/local/opt/libksba/include -I/usr/local/opt/openssl/include -D_XOPEN_SOURCE -D_DARWIN_C_SOURCE -D_DARWIN_UNLIMITED_SELECT -D_REENTRANT   -I. -I.ext/include/x86_64-darwin14 -I./include -I.
	DLDFLAGS = -Wl,-undefined,dynamic_lookup -Wl,-multiply_defined,suppress -L/usr/local/opt/libyaml/lib -L/usr/local/opt/readline/lib -L/usr/local/opt/libksba/lib -L/usr/local/opt/openssl/lib  -install_name /Users/ishan/.rvm/rubies/ruby-2.2.2/lib/libruby.2.2.0.dylib -current_version 2.2.0 -compatibility_version 2.2.0  -fstack-protector -Wl,-u,_objc_msgSend -framework CoreFoundation  -fstack-protector -Wl,-u,_objc_msgSend -framework CoreFoundation  
	SOLIBS = -lpthread -ldl -lobjc 
Configured with: --prefix=/Applications/Xcode.app/Contents/Developer/usr --with-gxx-include-dir=/usr/include/c++/4.2.1
Apple LLVM version 6.1.0 (clang-602.0.53) (based on LLVM 3.6.0svn)
Target: x86_64-apple-darwin14.0.0
Thread model: posix
compiling main.c
compiling dmydln.c
compiling miniinit.c
compiling miniprelude.c
translating probes probes.d
. ./vm_opts.h
compiling array.c
compiling bignum.c
compiling class.c
compiling compar.c
compiling complex.c
compiling dir.c
compiling dln_find.c
compiling encoding.c
compiling enum.c
compiling enumerator.c
compiling error.c
compiling eval.c
compiling load.c
compiling proc.c
compiling file.c
compiling gc.c
compiling hash.c
compiling inits.c
compiling io.c
compiling marshal.c
compiling math.c
compiling node.c
compiling numeric.c
compiling object.c
compiling pack.c
compiling parse.c
compiling process.c
compiling random.c
compiling range.c
compiling rational.c
compiling re.c
compiling regcomp.c
compiling regenc.c
compiling regerror.c
compiling regexec.c
compiling regparse.c
compiling regsyntax.c
compiling ruby.c
compiling safe.c
compiling signal.c
compiling sprintf.c
compiling st.c
compiling strftime.c
compiling string.c
compiling struct.c
compiling symbol.c
compiling time.c
compiling transcode.c
compiling util.c
compiling variable.c
compiling version.c
compiling compile.c
compiling debug.c
compiling iseq.c
compiling vm.c
compiling vm_dump.c
compiling vm_backtrace.c
compiling vm_trace.c
compiling thread.c
compiling cont.c
compiling ./enc/ascii.c
compiling ./enc/us_ascii.c
compiling ./enc/unicode.c
compiling ./enc/utf_8.c
compiling newline.c
compiling ./missing/setproctitle.c
compiling dmyext.c
compiling dmyenc.c
linking miniruby
rbconfig.rb updated
generating enc.mk
compiling dln.c
compiling localeinit.c
creating verconf.h
verconf.h updated
compiling loadpath.c
compiling prelude.c
linking static-library libruby.2.2.0-static.a
verifying static-library libruby.2.2.0-static.a
linking shared-library libruby.2.2.0.dylib
generating encdb.h
encdb.h updated
making enc
compiling ./enc/encdb.c
linking encoding encdb.bundle
compiling ./enc/big5.c
linking encoding big5.bundle
compiling ./enc/cp949.c
linking encoding cp949.bundle
compiling ./enc/emacs_mule.c
linking encoding emacs_mule.bundle
compiling ./enc/euc_jp.c
linking encoding euc_jp.bundle
compiling ./enc/euc_kr.c
linking encoding euc_kr.bundle
compiling ./enc/euc_tw.c
linking encoding euc_tw.bundle
compiling ./enc/gb2312.c
linking encoding gb2312.bundle
compiling ./enc/gb18030.c
linking encoding gb18030.bundle
compiling ./enc/gbk.c
linking encoding gbk.bundle
compiling ./enc/iso_8859_1.c
linking encoding iso_8859_1.bundle
compiling ./enc/iso_8859_2.c
linking encoding iso_8859_2.bundle
compiling ./enc/iso_8859_3.c
linking encoding iso_8859_3.bundle
compiling ./enc/iso_8859_4.c
linking encoding iso_8859_4.bundle
compiling ./enc/iso_8859_5.c
linking encoding iso_8859_5.bundle
compiling ./enc/iso_8859_6.c
linking encoding iso_8859_6.bundle
compiling ./enc/iso_8859_7.c
linking encoding iso_8859_7.bundle
compiling ./enc/iso_8859_8.c
linking encoding iso_8859_8.bundle
compiling ./enc/iso_8859_9.c
linking encoding iso_8859_9.bundle
compiling ./enc/iso_8859_10.c
linking encoding iso_8859_10.bundle
compiling ./enc/iso_8859_11.c
linking encoding iso_8859_11.bundle
compiling ./enc/iso_8859_13.c
linking encoding iso_8859_13.bundle
compiling ./enc/iso_8859_14.c
linking encoding iso_8859_14.bundle
compiling ./enc/iso_8859_15.c
linking encoding iso_8859_15.bundle
compiling ./enc/iso_8859_16.c
linking encoding iso_8859_16.bundle
compiling ./enc/koi8_r.c
linking encoding koi8_r.bundle
compiling ./enc/koi8_u.c
linking encoding koi8_u.bundle
compiling ./enc/shift_jis.c
linking encoding shift_jis.bundle
compiling ./enc/utf_16be.c
linking encoding utf_16be.bundle
compiling ./enc/utf_16le.c
linking encoding utf_16le.bundle
compiling ./enc/utf_32be.c
linking encoding utf_32be.bundle
compiling ./enc/utf_32le.c
linking encoding utf_32le.bundle
compiling ./enc/windows_31j.c
linking encoding windows_31j.bundle
compiling ./enc/windows_1251.c
linking encoding windows_1251.bundle
making srcs under enc
make[1]: Nothing to be done for `srcs'.
generating transdb.h
transdb.h updated
making trans
compiling ./enc/trans/transdb.c
linking transcoder transdb.bundle
compiling ./enc/trans/big5.c
linking transcoder big5.bundle
compiling ./enc/trans/chinese.c
linking transcoder chinese.bundle
compiling ./enc/trans/emoji.c
linking transcoder emoji.bundle
compiling ./enc/trans/emoji_iso2022_kddi.c
linking transcoder emoji_iso2022_kddi.bundle
compiling ./enc/trans/emoji_sjis_docomo.c
linking transcoder emoji_sjis_docomo.bundle
compiling ./enc/trans/emoji_sjis_kddi.c
linking transcoder emoji_sjis_kddi.bundle
compiling ./enc/trans/emoji_sjis_softbank.c
linking transcoder emoji_sjis_softbank.bundle
compiling ./enc/trans/escape.c
linking transcoder escape.bundle
compiling ./enc/trans/gb18030.c
linking transcoder gb18030.bundle
compiling ./enc/trans/gbk.c
linking transcoder gbk.bundle
compiling ./enc/trans/iso2022.c
linking transcoder iso2022.bundle
compiling ./enc/trans/japanese.c
linking transcoder japanese.bundle
compiling ./enc/trans/japanese_euc.c
linking transcoder japanese_euc.bundle
compiling ./enc/trans/japanese_sjis.c
linking transcoder japanese_sjis.bundle
compiling ./enc/trans/korean.c
linking transcoder korean.bundle
compiling ./enc/trans/single_byte.c
linking transcoder single_byte.bundle
compiling ./enc/trans/utf8_mac.c
linking transcoder utf8_mac.bundle
compiling ./enc/trans/utf_16_32.c
linking transcoder utf_16_32.bundle
making encs
generating makefile exts.mk
configuring -test-/array/resize
configuring -test-/bignum
configuring -test-/bug-3571
configuring -test-/bug-3662
configuring -test-/bug-5832
configuring -test-/bug_reporter
configuring -test-/class
configuring -test-/debug
configuring -test-/exception
configuring -test-/fatal
configuring -test-/file
configuring -test-/float
configuring -test-/funcall
configuring -test-/hash
configuring -test-/iseq_load
configuring -test-/iter
configuring -test-/load/dot.dot
configuring -test-/marshal/compat
configuring -test-/marshal/usr
configuring -test-/method
configuring -test-/num2int
configuring -test-/path_to_class
configuring -test-/postponed_job
configuring -test-/printf
configuring -test-/proc
configuring -test-/rational
configuring -test-/recursion
configuring -test-/st/foreach
configuring -test-/st/numhash
configuring -test-/st/update
configuring -test-/string
configuring -test-/struct
configuring -test-/symbol
configuring -test-/tracepoint
configuring -test-/typeddata
configuring -test-/wait_for_single_fd
configuring -test-/win32/console
Failed to configure -test-/win32/console. It will not be installed.
configuring -test-/win32/dln
Failed to configure -test-/win32/dln. It will not be installed.
Failed to configure -test-/win32/dln/empty. It will not be installed.
configuring -test-/win32/fd_setsize
Failed to configure -test-/win32/fd_setsize. It will not be installed.
configuring bigdecimal
configuring continuation
configuring coverage
configuring date
configuring dbm
header: ndbm.h
library: libc
configuring digest
configuring digest/bubblebabble
configuring digest/md5
configuring digest/rmd160
configuring digest/sha1
configuring digest/sha2
configuring etc
configuring fcntl
configuring fiber
configuring fiddle
configuring gdbm
Failed to configure gdbm. It will not be installed.
configuring io/console
configuring io/nonblock
configuring io/wait
configuring json
configuring json/generator
configuring json/parser
configuring mathn/complex
configuring mathn/rational
configuring nkf
configuring objspace
configuring openssl
configuring pathname
configuring psych
configuring pty
configuring racc/cparse
configuring rbconfig/sizeof
configuring readline
configuring ripper
configuring sdbm
configuring socket
configuring stringio
configuring strscan
configuring syslog
configuring thread
configuring tk
...........
check struct members..
check libraries....
Use ActiveTcl libraries (if available).
Search tclConfig.sh and tkConfig.sh....................................
Valid [tclConfig.sh, tkConfig.sh] are found in [["/System/Library/Frameworks/Tcl.framework", "/System/Library/Frameworks/Tk.framework"], ["/usr/lib", "/usr/lib"], ["/System/Library/Frameworks/Tcl.framework/Versions/Current", "/System/Library/Frameworks/Tk.framework/Versions/Current"], ["/System/Library/Frameworks/Tcl.framework/Versions/8.5", "/System/Library/Frameworks/Tk.framework/Versions/8.5"], ["/System/Library/Frameworks/Tcl.framework/Versions/8.4", "/System/Library/Frameworks/Tk.framework/Versions/8.4"]]
Use [tclConfig.sh, tkConfig.sh] == ["/System/Library/Frameworks/Tcl.framework/tclConfig.sh", "/System/Library/Frameworks/Tk.framework/tkConfig.sh"]
Use MacOS X Frameworks.

Find Tcl/Tk libraries. Make tcltklib.so which is required by Ruby/Tk.
configuring tk/tkutil
configuring win32
Failed to configure win32. It will not be installed.
configuring win32ole
Failed to configure win32ole. It will not be installed.
configuring zlib
compiling resize.c
linking shared-object -test-/array/resize.bundle
compiling big2str.c
compiling bigzero.c
compiling div.c
compiling init.c
compiling intpack.c
compiling mul.c
compiling str2big.c
linking shared-object -test-/bignum.bundle
compiling bug.c
linking shared-object -test-/bug-3571/bug.bundle
compiling bug.c
linking shared-object -test-/bug-3662/bug.bundle
compiling bug.c
linking shared-object -test-/bug-5832/bug.bundle
compiling bug_reporter.c
linking shared-object -test-/bug_reporter/bug_reporter.bundle
compiling class2name.c
compiling init.c
linking shared-object -test-/class.bundle
compiling init.c
compiling inspector.c
compiling profile_frames.c
linking shared-object -test-/debug.bundle
compiling dataerror.c
compiling enc_raise.c
compiling ensured.c
compiling init.c
linking shared-object -test-/exception.bundle
compiling rb_fatal.c
linking shared-object -test-/fatal/rb_fatal.bundle
compiling fs.c
compiling init.c
compiling stat.c
linking shared-object -test-/file.bundle
compiling init.c
compiling nextafter.c
linking shared-object -test-/float.bundle
compiling passing_block.c
linking shared-object -test-/funcall/funcall.bundle
compiling delete.c
compiling init.c
linking shared-object -test-/hash.bundle
compiling iseq_load.c
linking shared-object -test-/iseq_load/iseq_load.bundle
compiling break.c
compiling init.c
compiling yield.c
linking shared-object -test-/iter.bundle
compiling dot.dot.c
linking shared-object -test-/load/dot.dot/dot.dot.bundle
compiling usrcompat.c
linking shared-object -test-/marshal/compat.bundle
compiling usrmarshal.c
linking shared-object -test-/marshal/usr.bundle
compiling arity.c
compiling init.c
linking shared-object -test-/method.bundle
compiling num2int.c
linking shared-object -test-/num2int/num2int.bundle
compiling path_to_class.c
linking shared-object -test-/path_to_class/path_to_class.bundle
compiling postponed_job.c
linking shared-object -test-/postponed_job.bundle
compiling printf.c
linking shared-object -test-/printf.bundle
compiling init.c
compiling receiver.c
compiling super.c
linking shared-object -test-/proc.bundle
compiling rat.c
linking shared-object -test-/rational.bundle
compiling recursion.c
linking shared-object -test-/recursion.bundle
compiling foreach.c
linking shared-object -test-/st/foreach.bundle
compiling numhash.c
linking shared-object -test-/st/numhash.bundle
compiling update.c
linking shared-object -test-/st/update.bundle
compiling coderange.c
compiling cstr.c
compiling ellipsize.c
compiling enc_associate.c
compiling enc_str_buf_cat.c
compiling init.c
compiling modify.c
compiling normalize.c
compiling qsort.c
compiling set_len.c
linking shared-object -test-/string/string.bundle
compiling init.c
compiling member.c
linking shared-object -test-/struct.bundle
compiling init.c
compiling type.c
linking shared-object -test-/symbol.bundle
compiling gc_hook.c
compiling tracepoint.c
linking shared-object -test-/tracepoint.bundle
compiling typeddata.c
linking shared-object -test-/typeddata/typeddata.bundle
compiling wait_for_single_fd.c
linking shared-object -test-/wait_for_single_fd/wait_for_single_fd.bundle
make[2]: Nothing to be done for `all'.
make[2]: Nothing to be done for `all'.
make[2]: Nothing to be done for `all'.
make[2]: Nothing to be done for `all'.
compiling bigdecimal.c
linking shared-object bigdecimal.bundle
installing default bigdecimal libraries
compiling continuation.c
linking shared-object continuation.bundle
compiling coverage.c
linking shared-object coverage.bundle
compiling date_core.c
compiling date_parse.c
compiling date_strftime.c
compiling date_strptime.c
linking shared-object date_core.bundle
installing default date_core libraries
compiling dbm.c
linking shared-object dbm.bundle
compiling digest.c
linking shared-object digest.bundle
installing digest libraries
installing default digest libraries
compiling bubblebabble.c
linking shared-object digest/bubblebabble.bundle
compiling md5init.c
compiling md5ossl.c
linking shared-object digest/md5.bundle
compiling rmd160init.c
compiling rmd160ossl.c
linking shared-object digest/rmd160.bundle
compiling sha1init.c
compiling sha1ossl.c
linking shared-object digest/sha1.bundle
compiling sha2init.c
compiling sha2ossl.c
linking shared-object digest/sha2.bundle
installing default sha2 libraries
generating constant definitions
compiling etc.c
linking shared-object etc.bundle
compiling fcntl.c
linking shared-object fcntl.bundle
compiling fiber.c
linking shared-object fiber.bundle
compiling closure.c
compiling conversions.c
compiling fiddle.c
compiling function.c
compiling handle.c
compiling pointer.c
linking shared-object fiddle.bundle
installing default fiddle libraries
make[2]: Nothing to be done for `all'.
compiling console.c
linking shared-object io/console.bundle
installing default console libraries
compiling nonblock.c
linking shared-object io/nonblock.bundle
compiling wait.c
linking shared-object io/wait.bundle
installing default libraries
compiling generator.c
linking shared-object json/ext/generator.bundle
compiling parser.c
linking shared-object json/ext/parser.bundle
compiling complex.c
linking shared-object mathn/complex.bundle
compiling rational.c
linking shared-object mathn/rational.bundle
compiling nkf.c
linking shared-object nkf.bundle
installing default nkf libraries
compiling object_tracing.c
compiling objspace.c
compiling objspace_dump.c
linking shared-object objspace.bundle
compiling openssl_missing.c
compiling ossl.c
compiling ossl_asn1.c
compiling ossl_bio.c
compiling ossl_bn.c
compiling ossl_cipher.c
compiling ossl_config.c
compiling ossl_digest.c
compiling ossl_engine.c
compiling ossl_hmac.c
compiling ossl_ns_spki.c
compiling ossl_ocsp.c
compiling ossl_pkcs12.c
compiling ossl_pkcs5.c
compiling ossl_pkcs7.c
compiling ossl_pkey.c
compiling ossl_pkey_dh.c
compiling ossl_pkey_dsa.c
compiling ossl_pkey_ec.c
compiling ossl_pkey_rsa.c
compiling ossl_rand.c
compiling ossl_ssl.c
compiling ossl_ssl_session.c
compiling ossl_x509.c
compiling ossl_x509attr.c
compiling ossl_x509cert.c
compiling ossl_x509crl.c
compiling ossl_x509ext.c
compiling ossl_x509name.c
compiling ossl_x509req.c
compiling ossl_x509revoked.c
compiling ossl_x509store.c
linking shared-object openssl.bundle
installing default openssl libraries
compiling pathname.c
linking shared-object pathname.bundle
installing default pathname libraries
compiling psych.c
compiling psych_emitter.c
compiling psych_parser.c
compiling psych_to_ruby.c
compiling psych_yaml_tree.c
linking shared-object psych.bundle
installing default psych libraries
compiling pty.c
linking shared-object pty.bundle
installing default pty libraries
compiling cparse.c
linking shared-object racc/cparse.bundle
compiling sizes.c
linking shared-object rbconfig/sizeof.bundle
compiling readline.c
linking shared-object readline.bundle
compiling ripper.c
linking shared-object ripper.bundle
installing default ripper libraries
checking ../.././parse.y and ../.././ext/ripper/eventids2.c
compiling _sdbm.c
compiling init.c
linking shared-object sdbm.bundle
generating constant definitions
compiling init.c
compiling constants.c
compiling basicsocket.c
compiling socket.c
compiling ipsocket.c
compiling tcpsocket.c
compiling tcpserver.c
compiling sockssocket.c
compiling udpsocket.c
compiling unixsocket.c
compiling unixserver.c
compiling option.c
compiling ancdata.c
compiling raddrinfo.c
compiling ifaddr.c
linking shared-object socket.bundle
installing default socket libraries
compiling stringio.c
linking shared-object stringio.bundle
compiling strscan.c
linking shared-object strscan.bundle
compiling syslog.c
linking shared-object syslog.bundle
installing default syslog libraries
compiling thread.c
linking shared-object thread.bundle
compiling stubs.c
compiling tcltklib.c
linking shared-object tcltklib.bundle
installing tcltklib libraries
installing default tcltklib libraries
compiling tkutil.c
linking shared-object tkutil.bundle
make[2]: Nothing to be done for `all'.
make[2]: Nothing to be done for `all'.
compiling zlib.c
linking shared-object zlib.bundle
linking shared-library libruby.2.2.0.dylib
linking ruby
