[2015-06-15 13:11:36] __rvm_package_extract
__rvm_package_extract () 
{ 
    rvm_debug __rvm_package_extract:$#: "$@";
    \typeset __tempdir __path __file __return;
    __return=0;
    __tempdir="$( TMPDIR="${rvm_tmp_path}" mktemp -d -t rvm-tmp.XXXXXXXXX )";
    __rvm_package_extract_run "$1" "$__tempdir" || __return=$?;
    if (( __return == 0 )); then
        for __path in "$__tempdir"/*;
        do
            __file="${__path##*/}";
            if [[ -n "${__file}" && -e "$2/${__file}" ]]; then
                \command \rm -rf "$2/${__file}" || __return=$?;
            fi;
            \command \mv -f "${__path}" "$2/" || __return=$?;
        done;
    fi;
    if [[ -n "$__tempdir" ]]; then
        \command \rm -rf "$__tempdir";
    fi;
    return $__return
}
current path: /Users/ishan/.rvm/src/ruby-2.2.2
PATH=/usr/local/opt/pkg-config/bin:/usr/local/opt/libtool/bin:/usr/local/opt/automake/bin:/usr/local/opt/autoconf/bin:/usr/local/bin:/usr/bin:/bin:/usr/sbin:/sbin:/opt/X11/bin:/Users/ishan/.rvm/bin
command(3): __rvm_package_extract /Users/ishan/.rvm/archives/rubygems-2.4.8.tgz /Users/ishan/.rvm/src
++ rvm_debug __rvm_package_extract:2: /Users/ishan/.rvm/archives/rubygems-2.4.8.tgz /Users/ishan/.rvm/src
++ ((  0  ))
++ return 0
++ typeset __tempdir __path __file __return
++ __return=0
+++ TMPDIR=/Users/ishan/.rvm/tmp
+++ mktemp -d -t rvm-tmp.XXXXXXXXX
++ __tempdir=/Users/ishan/.rvm/tmp/rvm-tmp.XXXXXXXXX.fNINXfL1
++ __rvm_package_extract_run /Users/ishan/.rvm/archives/rubygems-2.4.8.tgz /Users/ishan/.rvm/tmp/rvm-tmp.XXXXXXXXX.fNINXfL1
++ [[    != *\ \-\-\n\o\-\s\a\m\e\-\o\w\n\e\r\ * ]]
++ __rvm_tar --help
++ __rvm_grep -- --no-same-owner
++ GREP_OPTIONS=
++ command grep -- --no-same-owner
++ grep -- --no-same-owner
++ return 1
++ [[ -d /Users/ishan/.rvm/tmp/rvm-tmp.XXXXXXXXX.fNINXfL1 ]]
++ case "$1" in
++ [[ -n '' ]]
++ __rvm_tar xzf /Users/ishan/.rvm/archives/rubygems-2.4.8.tgz -C /Users/ishan/.rvm/tmp/rvm-tmp.XXXXXXXXX.fNINXfL1
++ tar xzf /Users/ishan/.rvm/archives/rubygems-2.4.8.tgz -C /Users/ishan/.rvm/tmp/rvm-tmp.XXXXXXXXX.fNINXfL1
++ __rvm_fix_group_permissions /Users/ishan/.rvm/tmp/rvm-tmp.XXXXXXXXX.fNINXfL1/rubygems-2.4.8
++ umask -S
++ __rvm_grep g=rw
++ GREP_OPTIONS=
++ command grep g=rw
++ grep g=rw
++ return 1
++ ((  __return == 0  ))
++ for __path in '"$__tempdir"/*'
++ __file=rubygems-2.4.8
++ [[ -n rubygems-2.4.8 ]]
++ [[ -e /Users/ishan/.rvm/src/rubygems-2.4.8 ]]
++ command mv -f /Users/ishan/.rvm/tmp/rvm-tmp.XXXXXXXXX.fNINXfL1/rubygems-2.4.8 /Users/ishan/.rvm/src/
++ mv -f /Users/ishan/.rvm/tmp/rvm-tmp.XXXXXXXXX.fNINXfL1/rubygems-2.4.8 /Users/ishan/.rvm/src/
++ [[ -n /Users/ishan/.rvm/tmp/rvm-tmp.XXXXXXXXX.fNINXfL1 ]]
++ command rm -rf /Users/ishan/.rvm/tmp/rvm-tmp.XXXXXXXXX.fNINXfL1
++ rm -rf /Users/ishan/.rvm/tmp/rvm-tmp.XXXXXXXXX.fNINXfL1
++ return 0
