[2015-06-15 13:12:04] alias_create_execute
alias_create_execute () 
{ 
    for _path in "$rvm_rubies_path" "$rvm_environments_path" "$rvm_wrappers_path";
    do
        if [[ -L "$_path/$alias_name" ]]; then
            \command \rm -fv "$_path/$alias_name" || return $?;
        fi;
        \command \ln -fs "$_path/$rvm_ruby_string" "$_path/$alias_name" || return $?;
    done;
    __rvm_db_ "$rvm_path/config/alias" "$alias_name" "$rvm_ruby_string"
}
current path: /usr/local
GEM_HOME=/Users/ishan/.rvm/gems/ruby-2.2.2
PATH=/Users/ishan/.rvm/gems/ruby-2.2.2/bin:/Users/ishan/.rvm/gems/ruby-2.2.2@global/bin:/Users/ishan/.rvm/rubies/ruby-2.2.2/bin:/Users/ishan/.rvm/bin:/usr/local/bin:/usr/bin:/bin:/usr/sbin:/sbin:/opt/X11/bin
GEM_PATH=/Users/ishan/.rvm/gems/ruby-2.2.2:/Users/ishan/.rvm/gems/ruby-2.2.2@global
command(1): alias_create_execute
+ for _path in '"$rvm_rubies_path"' '"$rvm_environments_path"' '"$rvm_wrappers_path"'
+ [[ -L /Users/ishan/.rvm/rubies/default ]]
+ command ln -fs /Users/ishan/.rvm/rubies/ruby-2.2.2 /Users/ishan/.rvm/rubies/default
+ ln -fs /Users/ishan/.rvm/rubies/ruby-2.2.2 /Users/ishan/.rvm/rubies/default
+ for _path in '"$rvm_rubies_path"' '"$rvm_environments_path"' '"$rvm_wrappers_path"'
+ [[ -L /Users/ishan/.rvm/environments/default ]]
+ command ln -fs /Users/ishan/.rvm/environments/ruby-2.2.2 /Users/ishan/.rvm/environments/default
+ ln -fs /Users/ishan/.rvm/environments/ruby-2.2.2 /Users/ishan/.rvm/environments/default
+ for _path in '"$rvm_rubies_path"' '"$rvm_environments_path"' '"$rvm_wrappers_path"'
+ [[ -L /Users/ishan/.rvm/wrappers/default ]]
+ command ln -fs /Users/ishan/.rvm/wrappers/ruby-2.2.2 /Users/ishan/.rvm/wrappers/default
+ ln -fs /Users/ishan/.rvm/wrappers/ruby-2.2.2 /Users/ishan/.rvm/wrappers/default
+ __rvm_db_ /Users/ishan/.rvm/config/alias default ruby-2.2.2
+ typeset __db __key __value
+ __db=/Users/ishan/.rvm/config/alias
+ __key=default
+ shift 2
+ __value=ruby-2.2.2
+ case "${__value}" in
+ __rvm_db_add /Users/ishan/.rvm/config/alias default ruby-2.2.2
+ typeset __dir=/Users/ishan/.rvm/config
+ [[ -f /Users/ishan/.rvm/config/alias ]]
+ __rvm_db_remove /Users/ishan/.rvm/config/alias default
+ [[ -f /Users/ishan/.rvm/config/alias ]]
+ __rvm_sed -e '\#^default=# d' -e '/^$/d' /Users/ishan/.rvm/config/alias
+ sed -e '\#^default=# d' -e '/^$/d' /Users/ishan/.rvm/config/alias
+ command mv -f /Users/ishan/.rvm/config/alias.new /Users/ishan/.rvm/config/alias
+ mv -f /Users/ishan/.rvm/config/alias.new /Users/ishan/.rvm/config/alias
+ printf '%b=%b\n' default ruby-2.2.2
